[0125/105410.429:ERROR:prune_crash_reports.cc(34)] PruneCrashReportDatabase: Failed to get pending reports
[0204/131158.528:ERROR:prune_crash_reports.cc(34)] PruneCrashReportDatabase: Failed to get pending reports
[0604/235322.886:ERROR:crash_report_database_win.cc(569)] CreateDirectory D:\Users\C103403\AppData\Local\Temp\scoped_dir6536_8321\Crashpad: There is not enough space on the disk. (0x70)
[0604/235322.915:ERROR:registration_protocol_win.cc(84)] TransactNamedPipe: The pipe has been ended. (0x6D)
[0604/235323.212:ERROR:crash_report_database_win.cc(569)] CreateDirectory D:\Users\C103403\AppData\Local\Temp\scoped_dir6536_8321\Crashpad: There is not enough space on the disk. (0x70)
[0606/150226.560:ERROR:process_reader_win.cc(151)] SuspendThread: Access is denied. (0x5)
[0606/150226.572:ERROR:exception_snapshot_win.cc(88)] thread ID 396 not found in process
[0606/150226.572:ERROR:scoped_process_suspend.cc(40)] NtResumeProcess: An attempt was made to access an exiting process. (0xc000010a)
[0611/071552.121:ERROR:crash_report_database_win.cc(569)] CreateDirectory D:\Users\C101965\AppData\Local\Temp\scoped_dir10768_14092\Crashpad: There is not enough space on the disk. (0x70)
[0611/071552.490:ERROR:registration_protocol_win.cc(84)] TransactNamedPipe: The pipe has been ended. (0x6D)
[0611/071552.630:ERROR:crash_report_database_win.cc(569)] CreateDirectory D:\Users\C101965\AppData\Local\Temp\scoped_dir10768_14092\Crashpad: There is not enough space on the disk. (0x70)
[0611/071554.314:ERROR:crash_report_database_win.cc(569)] CreateDirectory D:\Users\C101965\AppData\Local\Temp\scoped_dir2512_23324\Crashpad: There is not enough space on the disk. (0x70)
[0611/071554.368:ERROR:crash_report_database_win.cc(569)] CreateDirectory D:\Users\C101965\AppData\Local\Temp\scoped_dir16308_12138\Crashpad: There is not enough space on the disk. (0x70)
[0611/071554.724:ERROR:registration_protocol_win.cc(84)] TransactNamedPipe: The pipe has been ended. (0x6D)
[0611/071554.938:ERROR:crash_report_database_win.cc(569)] CreateDirectory D:\Users\C101965\AppData\Local\Temp\scoped_dir2512_23324\Crashpad: There is not enough space on the disk. (0x70)
[0611/071554.722:ERROR:registration_protocol_win.cc(84)] TransactNamedPipe: The pipe has been ended. (0x6D)
[0611/071554.942:ERROR:crash_report_database_win.cc(569)] CreateDirectory D:\Users\C101965\AppData\Local\Temp\scoped_dir16308_12138\Crashpad: There is not enough space on the disk. (0x70)
[0611/071559.032:ERROR:crash_report_database_win.cc(569)] CreateDirectory D:\Users\C101965\AppData\Local\Temp\scoped_dir5804_15232\Crashpad: There is not enough space on the disk. (0x70)
[0611/071600.392:ERROR:registration_protocol_win.cc(84)] TransactNamedPipe: The pipe has been ended. (0x6D)
[0611/071626.017:ERROR:crash_report_database_win.cc(569)] CreateDirectory D:\Users\C101965\AppData\Local\Temp\scoped_dir17748_1462\Crashpad: There is not enough space on the disk. (0x70)
[0611/071626.230:ERROR:registration_protocol_win.cc(84)] TransactNamedPipe: The pipe has been ended. (0x6D)
[0611/071626.288:ERROR:crash_report_database_win.cc(569)] CreateDirectory D:\Users\C101965\AppData\Local\Temp\scoped_dir17748_1462\Crashpad: There is not enough space on the disk. (0x70)
[0611/100552.775:ERROR:crash_report_database_win.cc(569)] CreateDirectory D:\Users\C101965\AppData\Local\Temp\scoped_dir5228_12609\Crashpad: There is not enough space on the disk. (0x70)
[0611/100553.006:ERROR:registration_protocol_win.cc(84)] TransactNamedPipe: The pipe has been ended. (0x6D)
[0611/100553.034:ERROR:crash_report_database_win.cc(569)] CreateDirectory D:\Users\C101965\AppData\Local\Temp\scoped_dir16448_20647\Crashpad: There is not enough space on the disk. (0x70)
[0611/100553.150:ERROR:crash_report_database_win.cc(569)] CreateDirectory D:\Users\C101965\AppData\Local\Temp\scoped_dir5228_12609\Crashpad: There is not enough space on the disk. (0x70)
[0611/100553.165:ERROR:registration_protocol_win.cc(84)] TransactNamedPipe: The pipe has been ended. (0x6D)
[0611/100553.229:ERROR:crash_report_database_win.cc(569)] CreateDirectory D:\Users\C101965\AppData\Local\Temp\scoped_dir16448_20647\Crashpad: There is not enough space on the disk. (0x70)
[0613/075314.643:ERROR:crash_report_database_win.cc(569)] CreateDirectory D:\Users\C101965\AppData\Local\Temp\scoped_dir6556_16664\Crashpad: There is not enough space on the disk. (0x70)
[0613/075315.464:ERROR:registration_protocol_win.cc(84)] TransactNamedPipe: The pipe has been ended. (0x6D)
[0613/075315.872:ERROR:crash_report_database_win.cc(569)] CreateDirectory D:\Users\C101965\AppData\Local\Temp\scoped_dir6556_16664\Crashpad: There is not enough space on the disk. (0x70)
[0614/124325.609:ERROR:crash_report_database_win.cc(569)] CreateDirectory D:\Users\C101965\AppData\Local\Temp\scoped_dir16160_2165\Crashpad: There is not enough space on the disk. (0x70)
[0614/124326.979:ERROR:registration_protocol_win.cc(84)] TransactNamedPipe: The pipe has been ended. (0x6D)
[0614/124327.203:ERROR:crash_report_database_win.cc(569)] CreateDirectory D:\Users\C101965\AppData\Local\Temp\scoped_dir16160_2165\Crashpad: There is not enough space on the disk. (0x70)
[0614/124329.842:ERROR:crash_report_database_win.cc(569)] CreateDirectory D:\Users\C101965\AppData\Local\Temp\scoped_dir13752_16650\Crashpad: There is not enough space on the disk. (0x70)
[0614/124330.464:ERROR:registration_protocol_win.cc(84)] TransactNamedPipe: The pipe has been ended. (0x6D)
[0614/124336.687:ERROR:crash_report_database_win.cc(569)] CreateDirectory D:\Users\C101965\AppData\Local\Temp\scoped_dir18220_15929\Crashpad: There is not enough space on the disk. (0x70)
[0614/124336.891:ERROR:registration_protocol_win.cc(84)] TransactNamedPipe: The pipe has been ended. (0x6D)
[0614/124336.939:ERROR:crash_report_database_win.cc(569)] CreateDirectory D:\Users\C101965\AppData\Local\Temp\scoped_dir18220_15929\Crashpad: There is not enough space on the disk. (0x70)
[0614/131537.063:ERROR:crash_report_database_win.cc(569)] CreateDirectory D:\Users\C101965\AppData\Local\Temp\scoped_dir11016_17647\Crashpad: There is not enough space on the disk. (0x70)
[0614/131537.206:ERROR:crash_report_database_win.cc(569)] CreateDirectory D:\Users\C101965\AppData\Local\Temp\scoped_dir10972_11700\Crashpad: There is not enough space on the disk. (0x70)
[0614/131537.433:ERROR:registration_protocol_win.cc(84)] TransactNamedPipe: The pipe has been ended. (0x6D)
[0614/131537.453:ERROR:crash_report_database_win.cc(569)] CreateDirectory D:\Users\C101965\AppData\Local\Temp\scoped_dir11016_17647\Crashpad: There is not enough space on the disk. (0x70)
[0614/131537.677:ERROR:registration_protocol_win.cc(84)] TransactNamedPipe: The pipe has been ended. (0x6D)
[0614/131537.697:ERROR:crash_report_database_win.cc(569)] CreateDirectory D:\Users\C101965\AppData\Local\Temp\scoped_dir10972_11700\Crashpad: There is not enough space on the disk. (0x70)
[0614/131545.837:ERROR:crash_report_database_win.cc(569)] CreateDirectory D:\Users\C101965\AppData\Local\Temp\scoped_dir14264_27580\Crashpad: There is not enough space on the disk. (0x70)
[0614/131546.324:ERROR:crash_report_database_win.cc(569)] CreateDirectory D:\Users\C101965\AppData\Local\Temp\scoped_dir3488_21665\Crashpad: There is not enough space on the disk. (0x70)
[0614/131546.724:ERROR:registration_protocol_win.cc(84)] TransactNamedPipe: The pipe has been ended. (0x6D)
[0614/131546.747:ERROR:crash_report_database_win.cc(569)] CreateDirectory D:\Users\C101965\AppData\Local\Temp\scoped_dir14264_27580\Crashpad: There is not enough space on the disk. (0x70)
[0614/131546.737:ERROR:registration_protocol_win.cc(84)] TransactNamedPipe: The pipe has been ended. (0x6D)
[0614/131547.126:ERROR:crash_report_database_win.cc(569)] CreateDirectory D:\Users\C101965\AppData\Local\Temp\scoped_dir3488_21665\Crashpad: There is not enough space on the disk. (0x70)
[0617/104446.584:ERROR:crash_report_database_win.cc(569)] CreateDirectory D:\Users\C101965\AppData\Local\Temp\scoped_dir18748_29513\Crashpad: There is not enough space on the disk. (0x70)
[0617/104446.757:ERROR:registration_protocol_win.cc(84)] TransactNamedPipe: The pipe has been ended. (0x6D)
[0617/154547.572:ERROR:process_reader_win.cc(90)] NtQuerySystemInformation: {Not Enough Quota} Not enough virtual memory or paging file quota is available to complete the specified operation. (0xc0000017)
[0617/154547.813:ERROR:exception_snapshot_win.cc(98)] thread ID 16128 not found in process
[0617/154550.412:ERROR:file_io.cc(134)] WriteFile: There is not enough space on the disk. (0x70)
[0617/154550.479:ERROR:filesystem_win.cc(148)] DeleteFile D:\Users\C101965\AppData\Local\Temp\scoped_dir10308_20201\Crashpad\reports\05bf8e1a-2001-4049-9a66-748c81cce58b.dmp: The process cannot access the file because it is being used by another process. (0x20)
[0617/154550.540:ERROR:filesystem_win.cc(148)] DeleteFile D:\Users\C101965\AppData\Local\Temp\scoped_dir13180_6873\Crashpad\reports\c17cbadc-3fd6-475c-afaa-8865ef62f2d7.dmp: The process cannot access the file because it is being used by another process. (0x20)
[0617/155157.128:ERROR:process_info.cc(359)] UncheckedAllocate
[0617/155157.140:ERROR:file_io.cc(134)] WriteFile: Error (0x3AFC) while retrieving error. (0x70)
[0617/155157.146:ERROR:crash_report_exception_handler.cc(111)] WriteEverything failed
[0617/155157.146:ERROR:filesystem_win.cc(148)] DeleteFile D:\Users\C101965\AppData\Local\Temp\scoped_dir9384_25875\Crashpad\reports\20e0c108-1dd8-4ec7-b870-248b73fbb6af.dmp: Error (0x3B01) while retrieving error. (0x20)
[0618/091151.275:ERROR:process_reader_win.cc(151)] SuspendThread: Access is denied. (0x5)
[0618/091151.364:ERROR:exception_snapshot_win.cc(98)] thread ID 10280 not found in process
[0618/091151.364:ERROR:scoped_process_suspend.cc(40)] NtResumeProcess: An attempt was made to access an exiting process. (0xc000010a)
[0627/112159.589:ERROR:process_reader_win.cc(151)] SuspendThread: Access is denied. (0x5)
[0627/112159.619:ERROR:exception_snapshot_win.cc(98)] thread ID 7496 not found in process
[0627/112159.619:ERROR:scoped_process_suspend.cc(40)] NtResumeProcess: An attempt was made to access an exiting process. (0xc000010a)
[0702/143201.861:ERROR:process_reader_win.cc(151)] SuspendThread: Access is denied. (0x5)
[0702/143201.889:ERROR:exception_snapshot_win.cc(98)] thread ID 16244 not found in process
[0702/143201.889:ERROR:scoped_process_suspend.cc(40)] NtResumeProcess: An attempt was made to access an exiting process. (0xc000010a)
[0703/082317.922:ERROR:file_io.cc(134)] WriteFile: The pipe is being closed. (0xE8)
[0703/100307.473:ERROR:process_reader_win.cc(176)] GetThreadContext: Access is denied. (0x5)
[0703/100307.501:ERROR:process_reader_win.cc(151)] SuspendThread: Access is denied. (0x5)
[0703/100307.501:ERROR:process_reader_win.cc(151)] SuspendThread: Access is denied. (0x5)
[0703/100307.501:ERROR:process_reader_win.cc(151)] SuspendThread: Access is denied. (0x5)
[0703/100307.501:ERROR:process_reader_win.cc(151)] SuspendThread: Access is denied. (0x5)
[0703/100307.501:ERROR:process_reader_win.cc(151)] SuspendThread: Access is denied. (0x5)
[0703/100307.501:ERROR:process_reader_win.cc(151)] SuspendThread: Access is denied. (0x5)
[0703/100307.501:ERROR:process_reader_win.cc(151)] SuspendThread: Access is denied. (0x5)
[0703/100307.501:ERROR:process_reader_win.cc(151)] SuspendThread: Access is denied. (0x5)
[0703/100307.501:ERROR:process_reader_win.cc(151)] SuspendThread: Access is denied. (0x5)
[0703/100307.501:ERROR:process_reader_win.cc(151)] SuspendThread: Access is denied. (0x5)
[0703/100307.501:ERROR:process_reader_win.cc(151)] SuspendThread: Access is denied. (0x5)
[0703/100307.501:ERROR:process_reader_win.cc(151)] SuspendThread: Access is denied. (0x5)
[0703/100307.501:ERROR:process_reader_win.cc(151)] SuspendThread: Access is denied. (0x5)
[0703/100307.501:ERROR:exception_snapshot_win.cc(98)] thread ID 15756 not found in process
[0703/123934.838:ERROR:process_info.cc(329)] VirtualQueryEx: Access is denied. (0x5)
[0703/123934.908:ERROR:process_info.cc(550)] ReadMemoryInfo failed
[0703/123934.908:ERROR:scoped_process_suspend.cc(40)] NtResumeProcess: An attempt was made to access an exiting process. (0xc000010a)
[0716/081514.608:ERROR:process_reader_win.cc(151)] SuspendThread: Access is denied. (0x5)
[0716/081514.621:ERROR:exception_snapshot_win.cc(98)] thread ID 2296 not found in process
[0717/143833.525:ERROR:process_reader_win.cc(151)] SuspendThread: Access is denied. (0x5)
[0717/143833.561:ERROR:process_reader_win.cc(151)] SuspendThread: Access is denied. (0x5)
[0717/143833.561:ERROR:process_reader_win.cc(151)] SuspendThread: Access is denied. (0x5)
[0717/143833.561:ERROR:process_reader_win.cc(151)] SuspendThread: Access is denied. (0x5)
[0717/143833.561:ERROR:process_reader_win.cc(151)] SuspendThread: Access is denied. (0x5)
[0717/143833.561:ERROR:process_reader_win.cc(151)] SuspendThread: Access is denied. (0x5)
[0717/143833.561:ERROR:process_reader_win.cc(151)] SuspendThread: Access is denied. (0x5)
[0717/143833.561:ERROR:process_reader_win.cc(151)] SuspendThread: Access is denied. (0x5)
[0717/143833.561:ERROR:process_reader_win.cc(151)] SuspendThread: Access is denied. (0x5)
[0717/143833.561:ERROR:process_reader_win.cc(151)] SuspendThread: Access is denied. (0x5)
[0717/143833.561:ERROR:process_reader_win.cc(151)] SuspendThread: Access is denied. (0x5)
[0717/143833.561:ERROR:process_reader_win.cc(151)] SuspendThread: Access is denied. (0x5)
[0717/143833.561:ERROR:process_reader_win.cc(151)] SuspendThread: Access is denied. (0x5)
[0717/143833.561:ERROR:process_reader_win.cc(151)] SuspendThread: Access is denied. (0x5)
[0717/143833.561:ERROR:exception_snapshot_win.cc(98)] thread ID 3148 not found in process
[0717/144458.617:ERROR:process_reader_win.cc(151)] SuspendThread: Access is denied. (0x5)
[0717/144458.641:ERROR:process_reader_win.cc(151)] SuspendThread: Access is denied. (0x5)
[0717/144458.641:ERROR:exception_snapshot_win.cc(98)] thread ID 5356 not found in process
[0718/081920.562:ERROR:process_reader_win.cc(151)] SuspendThread: Access is denied. (0x5)
[0718/081920.570:ERROR:exception_snapshot_win.cc(98)] thread ID 10864 not found in process
[0718/105920.261:ERROR:process_reader_win.cc(151)] SuspendThread: Access is denied. (0x5)
[0718/105920.270:ERROR:process_reader_win.cc(151)] SuspendThread: Access is denied. (0x5)
[0718/105920.270:ERROR:exception_snapshot_win.cc(98)] thread ID 5584 not found in process
[0909/105549.607:ERROR:process_reader_win.cc(151)] SuspendThread: Access is denied. (0x5)
[0909/105549.621:ERROR:exception_snapshot_win.cc(98)] thread ID 5580 not found in process
[0909/105549.621:ERROR:scoped_process_suspend.cc(40)] NtResumeProcess: An attempt was made to access an exiting process. (0xc000010a)
[1016/145451.074:ERROR:process_reader_win.cc(151)] SuspendThread: Access is denied. (0x5)
[1016/145451.084:ERROR:exception_snapshot_win.cc(98)] thread ID 8260 not found in process
[1016/145556.536:ERROR:prune_crash_reports.cc(34)] PruneCrashReportDatabase: Failed to get pending reports
[1017/071205.254:ERROR:process_reader_win.cc(151)] SuspendThread: Access is denied. (0x5)
[1017/071205.271:ERROR:exception_snapshot_win.cc(98)] thread ID 4680 not found in process
[1025/101256.550:ERROR:process_reader_win.cc(151)] SuspendThread: Access is denied. (0x5)
[1025/101256.573:ERROR:exception_snapshot_win.cc(98)] thread ID 11852 not found in process
[1025/101256.574:ERROR:scoped_process_suspend.cc(40)] NtResumeProcess: An attempt was made to access an exiting process. (0xc000010a)
[1025/130536.525:ERROR:prune_crash_reports.cc(34)] PruneCrashReportDatabase: Failed to get pending reports
[1024/143343.450:ERROR:process_reader_win.cc(151)] SuspendThread: Access is denied. (0x5)
[1024/143343.473:ERROR:exception_snapshot_win.cc(98)] thread ID 9072 not found in process
[1024/143343.473:ERROR:scoped_process_suspend.cc(40)] NtResumeProcess: An attempt was made to access an exiting process. (0xc000010a)
[1031/130447.052:ERROR:scoped_process_suspend.cc(40)] NtResumeProcess: An attempt was made to access an exiting process. (0xc000010a)
[1105/072145.520:ERROR:prune_crash_reports.cc(34)] PruneCrashReportDatabase: Failed to get pending reports
[1105/110438.786:ERROR:prune_crash_reports.cc(34)] PruneCrashReportDatabase: Failed to get pending reports
[1105/150044.957:ERROR:prune_crash_reports.cc(34)] PruneCrashReportDatabase: Failed to get pending reports
[1112/130000.267:ERROR:prune_crash_reports.cc(34)] PruneCrashReportDatabase: Failed to get pending reports
[1115/144252.561:ERROR:prune_crash_reports.cc(34)] PruneCrashReportDatabase: Failed to get pending reports
[1118/125900.137:ERROR:process_info.cc(359)] UncheckedAllocate
[1125/102108.900:ERROR:process_reader_win.cc(151)] SuspendThread: Access is denied. (0x5)
[1125/102108.925:ERROR:exception_snapshot_win.cc(98)] thread ID 8324 not found in process
[1125/102108.925:ERROR:scoped_process_suspend.cc(40)] NtResumeProcess: An attempt was made to access an exiting process. (0xc000010a)
[1125/102932.949:ERROR:process_reader_win.cc(151)] SuspendThread: Access is denied. (0x5)
[1125/102932.956:ERROR:process_reader_win.cc(151)] SuspendThread: Access is denied. (0x5)
[1125/102932.956:ERROR:exception_snapshot_win.cc(98)] thread ID 6392 not found in process
[1125/115620.447:ERROR:process_reader_win.cc(151)] SuspendThread: Access is denied. (0x5)
[1125/115620.471:ERROR:process_reader_win.cc(151)] SuspendThread: Access is denied. (0x5)
[1125/115620.471:ERROR:process_reader_win.cc(151)] SuspendThread: Access is denied. (0x5)
[1125/115620.471:ERROR:process_reader_win.cc(151)] SuspendThread: Access is denied. (0x5)
[1125/115620.471:ERROR:process_reader_win.cc(151)] SuspendThread: Access is denied. (0x5)
[1125/115620.479:ERROR:process_reader_win.cc(151)] SuspendThread: Access is denied. (0x5)
[1125/115620.479:ERROR:process_reader_win.cc(151)] SuspendThread: Access is denied. (0x5)
[1125/115620.479:ERROR:process_reader_win.cc(151)] SuspendThread: Access is denied. (0x5)
[1125/115620.479:ERROR:process_reader_win.cc(151)] SuspendThread: Access is denied. (0x5)
[1125/115620.480:ERROR:process_reader_win.cc(151)] SuspendThread: Access is denied. (0x5)
[1125/115620.480:ERROR:process_reader_win.cc(151)] SuspendThread: Access is denied. (0x5)
[1125/115620.480:ERROR:process_reader_win.cc(151)] SuspendThread: Access is denied. (0x5)
[1125/115620.480:ERROR:process_reader_win.cc(151)] SuspendThread: Access is denied. (0x5)
[1125/115620.480:ERROR:process_reader_win.cc(151)] SuspendThread: Access is denied. (0x5)
[1125/115620.480:ERROR:process_reader_win.cc(151)] SuspendThread: Access is denied. (0x5)
[1125/115620.480:ERROR:process_reader_win.cc(151)] SuspendThread: Access is denied. (0x5)
[1125/115620.491:ERROR:process_reader_win.cc(151)] SuspendThread: Access is denied. (0x5)
[1125/115620.491:ERROR:process_reader_win.cc(151)] SuspendThread: Access is denied. (0x5)
[1125/115620.492:ERROR:exception_snapshot_win.cc(98)] thread ID 11012 not found in process
[1127/095254.478:ERROR:prune_crash_reports.cc(34)] PruneCrashReportDatabase: Failed to get pending reports
[1211/111116.106:ERROR:prune_crash_reports.cc(34)] PruneCrashReportDatabase: Failed to get pending reports
[1211/111433.052:ERROR:process_info.cc(375)] NtQuerySystemInformation SystemExtendedHandleInformation: {Not Enough Quota} Not enough virtual memory or paging file quota is available to complete the specified operation. (0xc0000017)
[1211/111435.683:ERROR:process_info.cc(359)] UncheckedAllocate
[1212/140021.541:ERROR:process_info.cc(359)] UncheckedAllocate
[1212/140133.879:ERROR:scoped_process_suspend.cc(31)] NtSuspendProcess: An attempt was made to access an exiting process. (0xc000010a)
[1212/140133.881:ERROR:process_info.cc(118)] ReadProcessMemory bool __cdecl crashpad::(anonymous namespace)::ReadStruct(HANDLE, crashpad::WinVMAddress, T *) [T = crashpad::process_types::PEB<crashpad::process_types::internal::Traits32>]: Only part of a ReadProcessMemory or WriteProcessMemory request was completed. (0x12B)
[1212/140133.881:ERROR:process_info.cc(545)] ReadProcessData failed
[0316/125819.316:ERROR:directory_reader_win.cc(43)] FindFirstFile: The system cannot find the path specified. (0x3)
[0316/130411.455:ERROR:directory_reader_win.cc(43)] FindFirstFile: The system cannot find the path specified. (0x3)
[0316/131810.527:ERROR:directory_reader_win.cc(43)] FindFirstFile: The system cannot find the path specified. (0x3)
[0316/132409.143:ERROR:directory_reader_win.cc(43)] FindFirstFile: The system cannot find the path specified. (0x3)
[0318/090111.520:ERROR:directory_reader_win.cc(43)] FindFirstFile: The system cannot find the path specified. (0x3)
[0318/090111.525:ERROR:directory_reader_win.cc(43)] FindFirstFile: The system cannot find the path specified. (0x3)
[0318/090111.652:ERROR:directory_reader_win.cc(43)] FindFirstFile: The system cannot find the path specified. (0x3)
[0318/090111.653:ERROR:directory_reader_win.cc(43)] FindFirstFile: The system cannot find the path specified. (0x3)
[0611/120800.152:ERROR:process_memory_win.cc(73)] ReadMemory at 0x74b300e0 of 248 bytes failed: Only part of a ReadProcessMemory or WriteProcessMemory request was completed. (0x12B)
[0611/120800.154:WARNING:pe_image_reader.cc(354)] could not read nt headers from C:\Windows\syswow64\profapi.dll
[0611/120800.154:ERROR:process_memory_win.cc(73)] ReadMemory at 0x74b30000 of 64 bytes failed: Only part of a ReadProcessMemory or WriteProcessMemory request was completed. (0x12B)
[0611/120800.154:WARNING:pe_image_reader.cc(340)] could not read dos header from C:\Windows\syswow64\profapi.dll
[0611/120800.154:ERROR:process_memory_win.cc(73)] ReadMemory at 0x760d0000 of 64 bytes failed: Only part of a ReadProcessMemory or WriteProcessMemory request was completed. (0x12B)
[0611/120800.154:WARNING:pe_image_reader.cc(340)] could not read dos header from C:\Windows\syswow64\WINTRUST.dll
[0611/120800.154:ERROR:process_memory_win.cc(73)] ReadMemory at 0x760d0000 of 64 bytes failed: Only part of a ReadProcessMemory or WriteProcessMemory request was completed. (0x12B)
[0611/120800.154:WARNING:pe_image_reader.cc(340)] could not read dos header from C:\Windows\syswow64\WINTRUST.dll
[0611/120800.154:ERROR:process_memory_win.cc(73)] ReadMemory at 0x74840000 of 64 bytes failed: Only part of a ReadProcessMemory or WriteProcessMemory request was completed. (0x12B)
[0611/120800.154:WARNING:pe_image_reader.cc(340)] could not read dos header from C:\Windows\syswow64\CRYPT32.dll
[0611/120800.154:ERROR:process_memory_win.cc(73)] ReadMemory at 0x74840000 of 64 bytes failed: Only part of a ReadProcessMemory or WriteProcessMemory request was completed. (0x12B)
[0611/120800.154:WARNING:pe_image_reader.cc(340)] could not read dos header from C:\Windows\syswow64\CRYPT32.dll
[0611/120800.154:ERROR:process_memory_win.cc(73)] ReadMemory at 0x74830000 of 64 bytes failed: Only part of a ReadProcessMemory or WriteProcessMemory request was completed. (0x12B)
[0611/120800.155:WARNING:pe_image_reader.cc(340)] could not read dos header from C:\Windows\syswow64\MSASN1.dll
[0611/120800.155:ERROR:process_memory_win.cc(73)] ReadMemory at 0x74830000 of 64 bytes failed: Only part of a ReadProcessMemory or WriteProcessMemory request was completed. (0x12B)
[0611/120800.155:WARNING:pe_image_reader.cc(340)] could not read dos header from C:\Windows\syswow64\MSASN1.dll
[0611/120800.155:ERROR:process_memory_win.cc(73)] ReadMemory at 0x5f410000 of 64 bytes failed: Only part of a ReadProcessMemory or WriteProcessMemory request was completed. (0x12B)
[0611/120800.155:WARNING:pe_image_reader.cc(340)] could not read dos header from C:\Windows\system32\DWrite.dll
[0611/120800.155:ERROR:process_memory_win.cc(73)] ReadMemory at 0x5f410000 of 64 bytes failed: Only part of a ReadProcessMemory or WriteProcessMemory request was completed. (0x12B)
[0611/120800.155:WARNING:pe_image_reader.cc(340)] could not read dos header from C:\Windows\system32\DWrite.dll
[0611/120800.155:ERROR:process_memory_win.cc(73)] ReadMemory at 0x610a0000 of 64 bytes failed: Only part of a ReadProcessMemory or WriteProcessMemory request was completed. (0x12B)
[0611/120800.155:WARNING:pe_image_reader.cc(340)] could not read dos header from C:\Windows\system32\WINSPOOL.DRV
[0611/120800.155:ERROR:process_memory_win.cc(73)] ReadMemory at 0x610a0000 of 64 bytes failed: Only part of a ReadProcessMemory or WriteProcessMemory request was completed. (0x12B)
[0611/120800.155:WARNING:pe_image_reader.cc(340)] could not read dos header from C:\Windows\system32\WINSPOOL.DRV
[0611/120800.155:ERROR:process_memory_win.cc(73)] ReadMemory at 0x66720000 of 64 bytes failed: Only part of a ReadProcessMemory or WriteProcessMemory request was completed. (0x12B)
[0611/120800.155:WARNING:pe_image_reader.cc(340)] could not read dos header from C:\Windows\system32\WINHTTP.dll
[0611/120800.155:ERROR:process_memory_win.cc(73)] ReadMemory at 0x66720000 of 64 bytes failed: Only part of a ReadProcessMemory or WriteProcessMemory request was completed. (0x12B)
[0611/120800.155:WARNING:pe_image_reader.cc(340)] could not read dos header from C:\Windows\system32\WINHTTP.dll
[0611/120800.155:ERROR:process_memory_win.cc(73)] ReadMemory at 0x666d0000 of 64 bytes failed: Only part of a ReadProcessMemory or WriteProcessMemory request was completed. (0x12B)
[0611/120800.155:WARNING:pe_image_reader.cc(340)] could not read dos header from C:\Windows\system32\webio.dll
[0611/120800.155:ERROR:process_memory_win.cc(73)] ReadMemory at 0x666d0000 of 64 bytes failed: Only part of a ReadProcessMemory or WriteProcessMemory request was completed. (0x12B)
[0611/120800.155:WARNING:pe_image_reader.cc(340)] could not read dos header from C:\Windows\system32\webio.dll
[0611/120800.155:ERROR:process_memory_win.cc(73)] ReadMemory at 0x67300000 of 64 bytes failed: Only part of a ReadProcessMemory or WriteProcessMemory request was completed. (0x12B)
[0611/120800.155:WARNING:pe_image_reader.cc(340)] could not read dos header from C:\Windows\system32\dhcpcsvc.DLL
[0611/120800.155:ERROR:process_memory_win.cc(73)] ReadMemory at 0x67300000 of 64 bytes failed: Only part of a ReadProcessMemory or WriteProcessMemory request was completed. (0x12B)
[0611/120800.155:WARNING:pe_image_reader.cc(340)] could not read dos header from C:\Windows\system32\dhcpcsvc.DLL
[0611/120800.156:ERROR:process_memory_win.cc(73)] ReadMemory at 0x75480000 of 64 bytes failed: Only part of a ReadProcessMemory or WriteProcessMemory request was completed. (0x12B)
[0611/120800.156:WARNING:pe_image_reader.cc(340)] could not read dos header from C:\Windows\syswow64\SHELL32.dll
[0611/120800.156:ERROR:process_memory_win.cc(73)] ReadMemory at 0x75480000 of 64 bytes failed: Only part of a ReadProcessMemory or WriteProcessMemory request was completed. (0x12B)
[0611/120800.156:WARNING:pe_image_reader.cc(340)] could not read dos header from C:\Windows\syswow64\SHELL32.dll
[0611/120800.156:ERROR:process_memory_win.cc(73)] ReadMemory at 0x765b0000 of 64 bytes failed: Only part of a ReadProcessMemory or WriteProcessMemory request was completed. (0x12B)
[0611/120800.156:WARNING:pe_image_reader.cc(340)] could not read dos header from C:\Windows\syswow64\SHLWAPI.dll
[0611/120800.156:ERROR:process_memory_win.cc(73)] ReadMemory at 0x765b0000 of 64 bytes failed: Only part of a ReadProcessMemory or WriteProcessMemory request was completed. (0x12B)
[0611/120800.156:WARNING:pe_image_reader.cc(340)] could not read dos header from C:\Windows\syswow64\SHLWAPI.dll
[0611/120800.189:ERROR:process_memory_win.cc(73)] ReadMemory at 0x10d0000 of 64 bytes failed: Only part of a ReadProcessMemory or WriteProcessMemory request was completed. (0x12B)
[0611/120800.189:WARNING:pe_image_reader.cc(340)] could not read dos header from C:\Program Files (x86)\Google\Chrome\Application\chrome.exe
[0611/120800.189:ERROR:process_memory_win.cc(73)] ReadMemory at 0x76f50000 of 64 bytes failed: Only part of a ReadProcessMemory or WriteProcessMemory request was completed. (0x12B)
[0611/120800.189:WARNING:pe_image_reader.cc(340)] could not read dos header from C:\Windows\SysWOW64\ntdll.dll
[0611/120800.189:ERROR:process_memory_win.cc(73)] ReadMemory at 0x74df0000 of 64 bytes failed: Only part of a ReadProcessMemory or WriteProcessMemory request was completed. (0x12B)
[0611/120800.190:WARNING:pe_image_reader.cc(340)] could not read dos header from C:\Windows\syswow64\kernel32.dll
[0611/120800.190:ERROR:process_memory_win.cc(73)] ReadMemory at 0x76100000 of 64 bytes failed: Only part of a ReadProcessMemory or WriteProcessMemory request was completed. (0x12B)
[0611/120800.190:WARNING:pe_image_reader.cc(340)] could not read dos header from C:\Windows\syswow64\KERNELBASE.dll
[0611/120800.190:ERROR:process_memory_win.cc(73)] ReadMemory at 0x1600000 of 64 bytes failed: Only part of a ReadProcessMemory or WriteProcessMemory request was completed. (0x12B)
[0611/120800.190:WARNING:pe_image_reader.cc(340)] could not read dos header from C:\Program Files (x86)\Google\Chrome\Application\86.0.4240.111\chrome_elf.dll
[0611/120800.190:ERROR:process_memory_win.cc(73)] ReadMemory at 0x737c0000 of 64 bytes failed: Only part of a ReadProcessMemory or WriteProcessMemory request was completed. (0x12B)
[0611/120800.190:WARNING:pe_image_reader.cc(340)] could not read dos header from C:\Windows\system32\VERSION.dll
[0611/120800.190:ERROR:process_memory_win.cc(73)] ReadMemory at 0x75340000 of 64 bytes failed: Only part of a ReadProcessMemory or WriteProcessMemory request was completed. (0x12B)
[0611/120800.190:WARNING:pe_image_reader.cc(340)] could not read dos header from C:\Windows\syswow64\msvcrt.dll
[0611/120800.190:ERROR:process_memory_win.cc(73)] ReadMemory at 0x73920000 of 64 bytes failed: Only part of a ReadProcessMemory or WriteProcessMemory request was completed. (0x12B)
[0611/120800.190:WARNING:pe_image_reader.cc(340)] could not read dos header from C:\Windows\system32\api-ms-win-core-synch-l1-2-0.DLL
[0611/120800.190:ERROR:process_memory_win.cc(73)] ReadMemory at 0x753f0000 of 64 bytes failed: Only part of a ReadProcessMemory or WriteProcessMemory request was completed. (0x12B)
[0611/120800.190:WARNING:pe_image_reader.cc(340)] could not read dos header from C:\Windows\syswow64\GDI32.dll
[0611/120800.190:ERROR:process_memory_win.cc(73)] ReadMemory at 0x74ca0000 of 64 bytes failed: Only part of a ReadProcessMemory or WriteProcessMemory request was completed. (0x12B)
[0611/120800.190:WARNING:pe_image_reader.cc(340)] could not read dos header from C:\Windows\syswow64\USER32.dll
[0611/120800.190:ERROR:process_memory_win.cc(73)] ReadMemory at 0x74770000 of 64 bytes failed: Only part of a ReadProcessMemory or WriteProcessMemory request was completed. (0x12B)
[0611/120800.190:WARNING:pe_image_reader.cc(340)] could not read dos header from C:\Windows\syswow64\ADVAPI32.dll
[0611/120800.191:ERROR:process_memory_win.cc(73)] ReadMemory at 0x769b0000 of 64 bytes failed: Only part of a ReadProcessMemory or WriteProcessMemory request was completed. (0x12B)
[0611/120800.191:WARNING:pe_image_reader.cc(340)] could not read dos header from C:\Windows\SysWOW64\sechost.dll
[0611/120800.191:ERROR:process_memory_win.cc(73)] ReadMemory at 0x74a40000 of 64 bytes failed: Only part of a ReadProcessMemory or WriteProcessMemory request was completed. (0x12B)
[0611/120800.191:WARNING:pe_image_reader.cc(340)] could not read dos header from C:\Windows\syswow64\RPCRT4.dll
[0611/120800.191:ERROR:process_memory_win.cc(73)] ReadMemory at 0x74660000 of 64 bytes failed: Only part of a ReadProcessMemory or WriteProcessMemory request was completed. (0x12B)
[0611/120800.191:WARNING:pe_image_reader.cc(340)] could not read dos header from C:\Windows\syswow64\SspiCli.dll
[0611/120800.191:ERROR:process_memory_win.cc(73)] ReadMemory at 0x74650000 of 64 bytes failed: Only part of a ReadProcessMemory or WriteProcessMemory request was completed. (0x12B)
[0611/120800.191:WARNING:pe_image_reader.cc(340)] could not read dos header from C:\Windows\syswow64\CRYPTBASE.dll
[0611/120800.191:ERROR:process_memory_win.cc(73)] ReadMemory at 0x76620000 of 64 bytes failed: Only part of a ReadProcessMemory or WriteProcessMemory request was completed. (0x12B)
[0611/120800.191:WARNING:pe_image_reader.cc(340)] could not read dos header from C:\Windows\syswow64\LPK.dll
[0611/120800.191:ERROR:process_memory_win.cc(73)] ReadMemory at 0x76630000 of 64 bytes failed: Only part of a ReadProcessMemory or WriteProcessMemory request was completed. (0x12B)
[0611/120800.192:WARNING:pe_image_reader.cc(340)] could not read dos header from C:\Windows\syswow64\USP10.dll
[0611/120800.192:ERROR:process_memory_win.cc(73)] ReadMemory at 0x761c0000 of 64 bytes failed: Only part of a ReadProcessMemory or WriteProcessMemory request was completed. (0x12B)
[0611/120800.192:WARNING:pe_image_reader.cc(340)] could not read dos header from C:\Windows\system32\IMM32.DLL
[0611/120800.192:ERROR:process_memory_win.cc(73)] ReadMemory at 0x76350000 of 64 bytes failed: Only part of a ReadProcessMemory or WriteProcessMemory request was completed. (0x12B)
[0611/120800.192:WARNING:pe_image_reader.cc(340)] could not read dos header from C:\Windows\syswow64\MSCTF.dll
[0611/120800.192:ERROR:process_memory_win.cc(73)] ReadMemory at 0xfd80000 of 64 bytes failed: Only part of a ReadProcessMemory or WriteProcessMemory request was completed. (0x12B)
[0611/120800.192:WARNING:pe_image_reader.cc(340)] could not read dos header from C:\Program Files (x86)\Google\Chrome\Application\86.0.4240.111\chrome.dll
[0611/120800.192:ERROR:process_memory_win.cc(73)] ReadMemory at 0x601b0000 of 64 bytes failed: Only part of a ReadProcessMemory or WriteProcessMemory request was completed. (0x12B)
[0611/120800.192:WARNING:pe_image_reader.cc(340)] could not read dos header from C:\Windows\system32\dbghelp.dll
[0611/120800.192:ERROR:process_memory_win.cc(73)] ReadMemory at 0x749c0000 of 64 bytes failed: Only part of a ReadProcessMemory or WriteProcessMemory request was completed. (0x12B)
[0611/120800.192:WARNING:pe_image_reader.cc(340)] could not read dos header from C:\Windows\syswow64\WS2_32.dll
[0611/120800.192:ERROR:process_memory_win.cc(73)] ReadMemory at 0x76330000 of 64 bytes failed: Only part of a ReadProcessMemory or WriteProcessMemory request was completed. (0x12B)
[0611/120800.192:WARNING:pe_image_reader.cc(340)] could not read dos header from C:\Windows\syswow64\NSI.dll
[0611/120800.193:ERROR:process_memory_win.cc(73)] ReadMemory at 0x6d550000 of 64 bytes failed: Only part of a ReadProcessMemory or WriteProcessMemory request was completed. (0x12B)
[0611/120800.193:WARNING:pe_image_reader.cc(340)] could not read dos header from C:\Windows\system32\IPHLPAPI.DLL
[0611/120800.193:ERROR:process_memory_win.cc(73)] ReadMemory at 0x6d540000 of 64 bytes failed: Only part of a ReadProcessMemory or WriteProcessMemory request was completed. (0x12B)
[0611/120800.193:WARNING:pe_image_reader.cc(340)] could not read dos header from C:\Windows\system32\WINNSI.DLL
[0611/120800.193:ERROR:process_memory_win.cc(73)] ReadMemory at 0x76910000 of 64 bytes failed: Only part of a ReadProcessMemory or WriteProcessMemory request was completed. (0x12B)
[0611/120800.193:WARNING:pe_image_reader.cc(340)] could not read dos header from C:\Windows\syswow64\OLEAUT32.dll
[0611/120800.193:ERROR:process_memory_win.cc(73)] ReadMemory at 0x76450000 of 64 bytes failed: Only part of a ReadProcessMemory or WriteProcessMemory request was completed. (0x12B)
[0611/120800.193:WARNING:pe_image_reader.cc(340)] could not read dos header from C:\Windows\syswow64\ole32.dll
[0611/120800.193:ERROR:process_memory_win.cc(73)] ReadMemory at 0x615c0000 of 64 bytes failed: Only part of a ReadProcessMemory or WriteProcessMemory request was completed. (0x12B)
[0611/120800.193:WARNING:pe_image_reader.cc(340)] could not read dos header from C:\Windows\system32\WINMM.dll
[0611/120800.193:ERROR:process_memory_win.cc(73)] ReadMemory at 0x77f70000 of 64 bytes failed: Only part of a ReadProcessMemory or WriteProcessMemory request was completed. (0x12B)
[0611/120800.193:WARNING:pe_image_reader.cc(340)] could not read dos header from C:\Windows\system32\UIAutomationCore.DLL
[0611/120800.193:ERROR:process_memory_win.cc(73)] ReadMemory at 0x76610000 of 64 bytes failed: Only part of a ReadProcessMemory or WriteProcessMemory request was completed. (0x12B)
[0611/120800.193:WARNING:pe_image_reader.cc(340)] could not read dos header from C:\Windows\syswow64\PSAPI.DLL
[0611/120800.194:ERROR:process_memory_win.cc(73)] ReadMemory at 0x613a0000 of 64 bytes failed: Only part of a ReadProcessMemory or WriteProcessMemory request was completed. (0x12B)
[0611/120800.194:WARNING:pe_image_reader.cc(340)] could not read dos header from C:\Windows\system32\OLEACC.dll
[0611/120800.194:ERROR:process_memory_win.cc(73)] ReadMemory at 0x73cd0000 of 64 bytes failed: Only part of a ReadProcessMemory or WriteProcessMemory request was completed. (0x12B)
[0611/120800.194:WARNING:pe_image_reader.cc(340)] could not read dos header from C:\Windows\system32\Secur32.dll
[0611/120800.194:ERROR:process_memory_win.cc(73)] ReadMemory at 0x74dd0000 of 64 bytes failed: Only part of a ReadProcessMemory or WriteProcessMemory request was completed. (0x12B)
[0611/120800.194:WARNING:pe_image_reader.cc(340)] could not read dos header from C:\Windows\syswow64\USERENV.dll
[0611/120800.194:ERROR:process_memory_win.cc(73)] ReadMemory at 0x74b30000 of 64 bytes failed: Only part of a ReadProcessMemory or WriteProcessMemory request was completed. (0x12B)
[0611/120800.194:WARNING:pe_image_reader.cc(340)] could not read dos header from C:\Windows\syswow64\profapi.dll
[0611/120800.194:ERROR:process_memory_win.cc(73)] ReadMemory at 0x760d0000 of 64 bytes failed: Only part of a ReadProcessMemory or WriteProcessMemory request was completed. (0x12B)
[0611/120800.194:WARNING:pe_image_reader.cc(340)] could not read dos header from C:\Windows\syswow64\WINTRUST.dll
[0611/120800.194:ERROR:process_memory_win.cc(73)] ReadMemory at 0x74840000 of 64 bytes failed: Only part of a ReadProcessMemory or WriteProcessMemory request was completed. (0x12B)
[0611/120800.194:WARNING:pe_image_reader.cc(340)] could not read dos header from C:\Windows\syswow64\CRYPT32.dll
[0611/120800.194:ERROR:process_memory_win.cc(73)] ReadMemory at 0x74830000 of 64 bytes failed: Only part of a ReadProcessMemory or WriteProcessMemory request was completed. (0x12B)
[0611/120800.194:WARNING:pe_image_reader.cc(340)] could not read dos header from C:\Windows\syswow64\MSASN1.dll
[0611/120800.194:ERROR:process_memory_win.cc(73)] ReadMemory at 0x5f410000 of 64 bytes failed: Only part of a ReadProcessMemory or WriteProcessMemory request was completed. (0x12B)
[0611/120800.195:WARNING:pe_image_reader.cc(340)] could not read dos header from C:\Windows\system32\DWrite.dll
[0611/120800.195:ERROR:process_memory_win.cc(73)] ReadMemory at 0x610a0000 of 64 bytes failed: Only part of a ReadProcessMemory or WriteProcessMemory request was completed. (0x12B)
[0611/120800.195:WARNING:pe_image_reader.cc(340)] could not read dos header from C:\Windows\system32\WINSPOOL.DRV
[0611/120800.195:ERROR:process_memory_win.cc(73)] ReadMemory at 0x66720000 of 64 bytes failed: Only part of a ReadProcessMemory or WriteProcessMemory request was completed. (0x12B)
[0611/120800.195:WARNING:pe_image_reader.cc(340)] could not read dos header from C:\Windows\system32\WINHTTP.dll
[0611/120800.196:ERROR:process_memory_win.cc(73)] ReadMemory at 0x666d0000 of 64 bytes failed: Only part of a ReadProcessMemory or WriteProcessMemory request was completed. (0x12B)
[0611/120800.196:WARNING:pe_image_reader.cc(340)] could not read dos header from C:\Windows\system32\webio.dll
[0611/120800.196:ERROR:process_memory_win.cc(73)] ReadMemory at 0x67300000 of 64 bytes failed: Only part of a ReadProcessMemory or WriteProcessMemory request was completed. (0x12B)
[0611/120800.196:WARNING:pe_image_reader.cc(340)] could not read dos header from C:\Windows\system32\dhcpcsvc.DLL
[0611/120800.196:ERROR:process_memory_win.cc(73)] ReadMemory at 0x75480000 of 64 bytes failed: Only part of a ReadProcessMemory or WriteProcessMemory request was completed. (0x12B)
[0611/120800.196:WARNING:pe_image_reader.cc(340)] could not read dos header from C:\Windows\syswow64\SHELL32.dll
[0611/120800.196:ERROR:process_memory_win.cc(73)] ReadMemory at 0x765b0000 of 64 bytes failed: Only part of a ReadProcessMemory or WriteProcessMemory request was completed. (0x12B)
[0611/120800.196:WARNING:pe_image_reader.cc(340)] could not read dos header from C:\Windows\syswow64\SHLWAPI.dll
[0611/120800.228:ERROR:process_memory_win.cc(73)] ReadMemory at 0x313000 of 118784 bytes failed: Only part of a ReadProcessMemory or WriteProcessMemory request was completed. (0x12B)
[0611/120800.229:ERROR:process_memory_win.cc(73)] ReadMemory at 0x346e000 of 8192 bytes failed: Only part of a ReadProcessMemory or WriteProcessMemory request was completed. (0x12B)
[0611/120800.229:ERROR:process_memory_win.cc(73)] ReadMemory at 0x36cc000 of 16384 bytes failed: Only part of a ReadProcessMemory or WriteProcessMemory request was completed. (0x12B)
[0611/120800.230:ERROR:process_memory_win.cc(73)] ReadMemory at 0x389e000 of 8192 bytes failed: Only part of a ReadProcessMemory or WriteProcessMemory request was completed. (0x12B)
[0611/120800.230:ERROR:process_memory_win.cc(73)] ReadMemory at 0x3a3e000 of 8192 bytes failed: Only part of a ReadProcessMemory or WriteProcessMemory request was completed. (0x12B)
[0611/120800.230:ERROR:process_memory_win.cc(73)] ReadMemory at 0x3ccf000 of 4096 bytes failed: Only part of a ReadProcessMemory or WriteProcessMemory request was completed. (0x12B)
[0611/120800.230:ERROR:process_memory_win.cc(73)] ReadMemory at 0x401e000 of 8192 bytes failed: Only part of a ReadProcessMemory or WriteProcessMemory request was completed. (0x12B)
[0611/120800.230:ERROR:process_memory_win.cc(73)] ReadMemory at 0x3deb000 of 20480 bytes failed: Only part of a ReadProcessMemory or WriteProcessMemory request was completed. (0x12B)
[0611/120800.230:ERROR:process_memory_win.cc(73)] ReadMemory at 0x41ce000 of 8192 bytes failed: Only part of a ReadProcessMemory or WriteProcessMemory request was completed. (0x12B)
[0611/120800.230:ERROR:process_memory_win.cc(73)] ReadMemory at 0x42cd000 of 12288 bytes failed: Only part of a ReadProcessMemory or WriteProcessMemory request was completed. (0x12B)
[0611/120800.231:ERROR:process_memory_win.cc(73)] ReadMemory at 0x442e000 of 8192 bytes failed: Only part of a ReadProcessMemory or WriteProcessMemory request was completed. (0x12B)
[0611/120800.231:ERROR:process_memory_win.cc(73)] ReadMemory at 0x4c3b000 of 20480 bytes failed: Only part of a ReadProcessMemory or WriteProcessMemory request was completed. (0x12B)
[0611/120800.231:ERROR:process_memory_win.cc(73)] ReadMemory at 0x4d8b000 of 20480 bytes failed: Only part of a ReadProcessMemory or WriteProcessMemory request was completed. (0x12B)
[0611/120800.231:ERROR:process_memory_win.cc(73)] ReadMemory at 0x675b000 of 20480 bytes failed: Only part of a ReadProcessMemory or WriteProcessMemory request was completed. (0x12B)
[0611/120800.231:ERROR:process_memory_win.cc(73)] ReadMemory at 0x6b6e000 of 8192 bytes failed: Only part of a ReadProcessMemory or WriteProcessMemory request was completed. (0x12B)
[0611/120800.231:ERROR:process_memory_win.cc(73)] ReadMemory at 0x70ed000 of 12288 bytes failed: Only part of a ReadProcessMemory or WriteProcessMemory request was completed. (0x12B)
[0611/120800.231:ERROR:process_memory_win.cc(73)] ReadMemory at 0x730e000 of 8192 bytes failed: Only part of a ReadProcessMemory or WriteProcessMemory request was completed. (0x12B)
[0611/120800.231:ERROR:process_memory_win.cc(73)] ReadMemory at 0x9f8e000 of 8192 bytes failed: Only part of a ReadProcessMemory or WriteProcessMemory request was completed. (0x12B)
[0611/120800.231:ERROR:process_memory_win.cc(73)] ReadMemory at 0x14807f0 of 9394 bytes failed: Only part of a ReadProcessMemory or WriteProcessMemory request was completed. (0x12B)
[0611/120800.231:ERROR:process_memory_win.cc(73)] ReadMemory at 0x1482cb0 of 660 bytes failed: Only part of a ReadProcessMemory or WriteProcessMemory request was completed. (0x12B)
[0611/120800.232:ERROR:process_memory_win.cc(73)] ReadMemory at 0x1483150 of 1606 bytes failed: Only part of a ReadProcessMemory or WriteProcessMemory request was completed. (0x12B)
[0611/120800.232:ERROR:process_memory_win.cc(73)] ReadMemory at 0x1483798 of 118 bytes failed: Only part of a ReadProcessMemory or WriteProcessMemory request was completed. (0x12B)
[0611/120800.232:ERROR:process_memory_win.cc(73)] ReadMemory at 0x1483810 of 1192 bytes failed: Only part of a ReadProcessMemory or WriteProcessMemory request was completed. (0x12B)
[0611/120800.232:ERROR:process_memory_win.cc(73)] ReadMemory at 0x1483cba of 118 bytes failed: Only part of a ReadProcessMemory or WriteProcessMemory request was completed. (0x12B)
[0611/120800.232:ERROR:process_memory_win.cc(73)] ReadMemory at 0x1483d32 of 102 bytes failed: Only part of a ReadProcessMemory or WriteProcessMemory request was completed. (0x12B)
[0611/120800.232:ERROR:process_memory_win.cc(73)] ReadMemory at 0x14862d8 of 72 bytes failed: Only part of a ReadProcessMemory or WriteProcessMemory request was completed. (0x12B)
[0611/120800.232:ERROR:process_memory_win.cc(73)] ReadMemory at 0x1486358 of 72 bytes failed: Only part of a ReadProcessMemory or WriteProcessMemory request was completed. (0x12B)
[0611/120800.232:ERROR:process_memory_win.cc(73)] ReadMemory at 0x14863d8 of 58 bytes failed: Only part of a ReadProcessMemory or WriteProcessMemory request was completed. (0x12B)
[0611/120800.232:ERROR:process_memory_win.cc(73)] ReadMemory at 0x1486438 of 126 bytes failed: Only part of a ReadProcessMemory or WriteProcessMemory request was completed. (0x12B)
[0611/120800.232:ERROR:process_memory_win.cc(73)] ReadMemory at 0x1486758 of 64 bytes failed: Only part of a ReadProcessMemory or WriteProcessMemory request was completed. (0x12B)
[0611/120800.232:ERROR:process_memory_win.cc(73)] ReadMemory at 0x14867a8 of 72 bytes failed: Only part of a ReadProcessMemory or WriteProcessMemory request was completed. (0x12B)
[0611/120800.233:ERROR:process_memory_win.cc(73)] ReadMemory at 0x1486840 of 68 bytes failed: Only part of a ReadProcessMemory or WriteProcessMemory request was completed. (0x12B)
[0611/120800.233:ERROR:process_memory_win.cc(73)] ReadMemory at 0x1486890 of 72 bytes failed: Only part of a ReadProcessMemory or WriteProcessMemory request was completed. (0x12B)
[0611/120800.233:ERROR:process_memory_win.cc(73)] ReadMemory at 0x1487468 of 154 bytes failed: Only part of a ReadProcessMemory or WriteProcessMemory request was completed. (0x12B)
[0611/120800.233:ERROR:process_memory_win.cc(73)] ReadMemory at 0x1487510 of 72 bytes failed: Only part of a ReadProcessMemory or WriteProcessMemory request was completed. (0x12B)
[0611/120800.233:ERROR:process_memory_win.cc(73)] ReadMemory at 0x14875d8 of 72 bytes failed: Only part of a ReadProcessMemory or WriteProcessMemory request was completed. (0x12B)
[0611/120800.233:ERROR:process_memory_win.cc(73)] ReadMemory at 0x1487658 of 60 bytes failed: Only part of a ReadProcessMemory or WriteProcessMemory request was completed. (0x12B)
[0611/120800.233:ERROR:process_memory_win.cc(73)] ReadMemory at 0x1487708 of 62 bytes failed: Only part of a ReadProcessMemory or WriteProcessMemory request was completed. (0x12B)
[0611/120800.233:ERROR:process_memory_win.cc(73)] ReadMemory at 0x1487b90 of 72 bytes failed: Only part of a ReadProcessMemory or WriteProcessMemory request was completed. (0x12B)
[0611/120800.233:ERROR:process_memory_win.cc(73)] ReadMemory at 0x14886e8 of 104 bytes failed: Only part of a ReadProcessMemory or WriteProcessMemory request was completed. (0x12B)
[0611/120800.233:ERROR:process_memory_win.cc(73)] ReadMemory at 0x1488760 of 72 bytes failed: Only part of a ReadProcessMemory or WriteProcessMemory request was completed. (0x12B)
[0611/120800.233:ERROR:process_memory_win.cc(73)] ReadMemory at 0x14a67b8 of 58 bytes failed: Only part of a ReadProcessMemory or WriteProcessMemory request was completed. (0x12B)
[0611/120800.233:ERROR:process_memory_win.cc(73)] ReadMemory at 0x14a6800 of 60 bytes failed: Only part of a ReadProcessMemory or WriteProcessMemory request was completed. (0x12B)
[0611/120800.233:ERROR:process_memory_win.cc(73)] ReadMemory at 0x14a6848 of 58 bytes failed: Only part of a ReadProcessMemory or WriteProcessMemory request was completed. (0x12B)
[0611/120800.234:ERROR:process_memory_win.cc(73)] ReadMemory at 0x14a6890 of 60 bytes failed: Only part of a ReadProcessMemory or WriteProcessMemory request was completed. (0x12B)
[0611/120800.234:ERROR:process_memory_win.cc(73)] ReadMemory at 0x14a68d8 of 62 bytes failed: Only part of a ReadProcessMemory or WriteProcessMemory request was completed. (0x12B)
[0611/120800.234:ERROR:process_memory_win.cc(73)] ReadMemory at 0x14a6920 of 60 bytes failed: Only part of a ReadProcessMemory or WriteProcessMemory request was completed. (0x12B)
[0611/120800.234:ERROR:process_memory_win.cc(73)] ReadMemory at 0x14a6968 of 62 bytes failed: Only part of a ReadProcessMemory or WriteProcessMemory request was completed. (0x12B)
[0611/120800.234:ERROR:process_memory_win.cc(73)] ReadMemory at 0x14a69b0 of 58 bytes failed: Only part of a ReadProcessMemory or WriteProcessMemory request was completed. (0x12B)
[0611/120800.234:ERROR:process_memory_win.cc(73)] ReadMemory at 0x14a69f8 of 58 bytes failed: Only part of a ReadProcessMemory or WriteProcessMemory request was completed. (0x12B)
[0611/120800.234:ERROR:process_memory_win.cc(73)] ReadMemory at 0x14a6a40 of 58 bytes failed: Only part of a ReadProcessMemory or WriteProcessMemory request was completed. (0x12B)
[0611/120800.234:ERROR:process_memory_win.cc(73)] ReadMemory at 0x14a6a88 of 62 bytes failed: Only part of a ReadProcessMemory or WriteProcessMemory request was completed. (0x12B)
[0611/120800.234:ERROR:process_memory_win.cc(73)] ReadMemory at 0x14a6ad0 of 60 bytes failed: Only part of a ReadProcessMemory or WriteProcessMemory request was completed. (0x12B)
[0611/120800.234:ERROR:process_memory_win.cc(73)] ReadMemory at 0x14a6b60 of 58 bytes failed: Only part of a ReadProcessMemory or WriteProcessMemory request was completed. (0x12B)
[0611/120800.234:ERROR:process_memory_win.cc(73)] ReadMemory at 0x14a6ba8 of 58 bytes failed: Only part of a ReadProcessMemory or WriteProcessMemory request was completed. (0x12B)
[0611/120800.234:ERROR:process_memory_win.cc(73)] ReadMemory at 0x14a6bf0 of 60 bytes failed: Only part of a ReadProcessMemory or WriteProcessMemory request was completed. (0x12B)
[0611/120800.235:ERROR:process_memory_win.cc(73)] ReadMemory at 0x14a6c80 of 62 bytes failed: Only part of a ReadProcessMemory or WriteProcessMemory request was completed. (0x12B)
[0611/120800.235:ERROR:process_memory_win.cc(73)] ReadMemory at 0x14a6cc8 of 62 bytes failed: Only part of a ReadProcessMemory or WriteProcessMemory request was completed. (0x12B)
[0611/120800.235:ERROR:process_memory_win.cc(73)] ReadMemory at 0x14a6d10 of 62 bytes failed: Only part of a ReadProcessMemory or WriteProcessMemory request was completed. (0x12B)
[0611/120800.235:ERROR:process_memory_win.cc(73)] ReadMemory at 0x14a6d58 of 62 bytes failed: Only part of a ReadProcessMemory or WriteProcessMemory request was completed. (0x12B)
[0611/120800.235:ERROR:process_memory_win.cc(73)] ReadMemory at 0x14a6da0 of 60 bytes failed: Only part of a ReadProcessMemory or WriteProcessMemory request was completed. (0x12B)
[0611/120800.235:ERROR:process_memory_win.cc(73)] ReadMemory at 0x14a6de8 of 60 bytes failed: Only part of a ReadProcessMemory or WriteProcessMemory request was completed. (0x12B)
[0611/120800.235:ERROR:process_memory_win.cc(73)] ReadMemory at 0x14a6e30 of 62 bytes failed: Only part of a ReadProcessMemory or WriteProcessMemory request was completed. (0x12B)
[0611/120800.235:ERROR:process_memory_win.cc(73)] ReadMemory at 0x14a6e78 of 58 bytes failed: Only part of a ReadProcessMemory or WriteProcessMemory request was completed. (0x12B)
[0611/120800.235:ERROR:process_memory_win.cc(73)] ReadMemory at 0x14a7b78 of 64 bytes failed: Only part of a ReadProcessMemory or WriteProcessMemory request was completed. (0x12B)
[0611/120800.235:ERROR:process_memory_win.cc(73)] ReadMemory at 0x14a7bc8 of 66 bytes failed: Only part of a ReadProcessMemory or WriteProcessMemory request was completed. (0x12B)
[0611/120800.235:ERROR:process_memory_win.cc(73)] ReadMemory at 0x14a7c18 of 64 bytes failed: Only part of a ReadProcessMemory or WriteProcessMemory request was completed. (0x12B)
[0611/120800.235:ERROR:process_memory_win.cc(73)] ReadMemory at 0x14a7c68 of 64 bytes failed: Only part of a ReadProcessMemory or WriteProcessMemory request was completed. (0x12B)
[0611/120800.235:ERROR:process_memory_win.cc(73)] ReadMemory at 0x14a7cb8 of 64 bytes failed: Only part of a ReadProcessMemory or WriteProcessMemory request was completed. (0x12B)
[0611/120800.235:ERROR:process_memory_win.cc(73)] ReadMemory at 0x14a7d08 of 64 bytes failed: Only part of a ReadProcessMemory or WriteProcessMemory request was completed. (0x12B)
[0611/120800.236:ERROR:process_memory_win.cc(73)] ReadMemory at 0x14a7d58 of 64 bytes failed: Only part of a ReadProcessMemory or WriteProcessMemory request was completed. (0x12B)
[0611/120800.236:ERROR:process_memory_win.cc(73)] ReadMemory at 0x14a89c8 of 54 bytes failed: Only part of a ReadProcessMemory or WriteProcessMemory request was completed. (0x12B)
[0611/120800.236:ERROR:process_memory_win.cc(73)] ReadMemory at 0x14a8a48 of 54 bytes failed: Only part of a ReadProcessMemory or WriteProcessMemory request was completed. (0x12B)
[0611/120800.236:ERROR:process_memory_win.cc(73)] ReadMemory at 0x14a9a30 of 72 bytes failed: Only part of a ReadProcessMemory or WriteProcessMemory request was completed. (0x12B)
[0611/120800.236:ERROR:process_memory_win.cc(73)] ReadMemory at 0x14a9ab0 of 72 bytes failed: Only part of a ReadProcessMemory or WriteProcessMemory request was completed. (0x12B)
[0611/120800.236:ERROR:process_memory_win.cc(73)] ReadMemory at 0x14aac60 of 80 bytes failed: Only part of a ReadProcessMemory or WriteProcessMemory request was completed. (0x12B)
[0611/120800.236:ERROR:process_memory_win.cc(73)] ReadMemory at 0x14adf98 of 72 bytes failed: Only part of a ReadProcessMemory or WriteProcessMemory request was completed. (0x12B)
[0611/120800.236:ERROR:process_memory_win.cc(73)] ReadMemory at 0x14ae018 of 72 bytes failed: Only part of a ReadProcessMemory or WriteProcessMemory request was completed. (0x12B)
[0611/120800.236:ERROR:process_memory_win.cc(73)] ReadMemory at 0x14ae098 of 72 bytes failed: Only part of a ReadProcessMemory or WriteProcessMemory request was completed. (0x12B)
[0611/120800.236:ERROR:process_memory_win.cc(73)] ReadMemory at 0x14ae118 of 72 bytes failed: Only part of a ReadProcessMemory or WriteProcessMemory request was completed. (0x12B)
[0611/120800.236:ERROR:process_memory_win.cc(73)] ReadMemory at 0x14ae198 of 72 bytes failed: Only part of a ReadProcessMemory or WriteProcessMemory request was completed. (0x12B)
[0611/120800.236:ERROR:process_memory_win.cc(73)] ReadMemory at 0x14ae218 of 72 bytes failed: Only part of a ReadProcessMemory or WriteProcessMemory request was completed. (0x12B)
[0611/120800.236:ERROR:process_memory_win.cc(73)] ReadMemory at 0x14ae298 of 72 bytes failed: Only part of a ReadProcessMemory or WriteProcessMemory request was completed. (0x12B)
[0611/120800.237:ERROR:process_memory_win.cc(73)] ReadMemory at 0x14ae318 of 72 bytes failed: Only part of a ReadProcessMemory or WriteProcessMemory request was completed. (0x12B)
[0611/120800.237:ERROR:process_memory_win.cc(73)] ReadMemory at 0x14ae398 of 72 bytes failed: Only part of a ReadProcessMemory or WriteProcessMemory request was completed. (0x12B)
[0611/120800.237:ERROR:process_memory_win.cc(73)] ReadMemory at 0x14ae418 of 72 bytes failed: Only part of a ReadProcessMemory or WriteProcessMemory request was completed. (0x12B)
[0611/120800.237:ERROR:process_memory_win.cc(73)] ReadMemory at 0x14ae498 of 72 bytes failed: Only part of a ReadProcessMemory or WriteProcessMemory request was completed. (0x12B)
[0611/120800.237:ERROR:process_memory_win.cc(73)] ReadMemory at 0x14ae518 of 72 bytes failed: Only part of a ReadProcessMemory or WriteProcessMemory request was completed. (0x12B)
[0611/120800.237:ERROR:process_memory_win.cc(73)] ReadMemory at 0x14ae598 of 72 bytes failed: Only part of a ReadProcessMemory or WriteProcessMemory request was completed. (0x12B)
[0611/120800.237:ERROR:process_memory_win.cc(73)] ReadMemory at 0x14ae618 of 72 bytes failed: Only part of a ReadProcessMemory or WriteProcessMemory request was completed. (0x12B)
[0611/120800.237:ERROR:process_memory_win.cc(73)] ReadMemory at 0x14ae698 of 72 bytes failed: Only part of a ReadProcessMemory or WriteProcessMemory request was completed. (0x12B)
[0611/120800.237:ERROR:process_memory_win.cc(73)] ReadMemory at 0x14ae718 of 72 bytes failed: Only part of a ReadProcessMemory or WriteProcessMemory request was completed. (0x12B)
[0611/120800.238:ERROR:process_memory_win.cc(73)] ReadMemory at 0x14ae798 of 72 bytes failed: Only part of a ReadProcessMemory or WriteProcessMemory request was completed. (0x12B)
[0611/120800.238:ERROR:process_memory_win.cc(73)] ReadMemory at 0x14ae818 of 72 bytes failed: Only part of a ReadProcessMemory or WriteProcessMemory request was completed. (0x12B)
[0611/120800.238:ERROR:process_memory_win.cc(73)] ReadMemory at 0x14ae898 of 72 bytes failed: Only part of a ReadProcessMemory or WriteProcessMemory request was completed. (0x12B)
[0611/120800.238:ERROR:process_memory_win.cc(73)] ReadMemory at 0x14ae918 of 72 bytes failed: Only part of a ReadProcessMemory or WriteProcessMemory request was completed. (0x12B)
[0611/120800.238:ERROR:process_memory_win.cc(73)] ReadMemory at 0x14ae998 of 72 bytes failed: Only part of a ReadProcessMemory or WriteProcessMemory request was completed. (0x12B)
[0611/120800.238:ERROR:process_memory_win.cc(73)] ReadMemory at 0x14aea18 of 72 bytes failed: Only part of a ReadProcessMemory or WriteProcessMemory request was completed. (0x12B)
[0611/120800.238:ERROR:process_memory_win.cc(73)] ReadMemory at 0x14aea98 of 72 bytes failed: Only part of a ReadProcessMemory or WriteProcessMemory request was completed. (0x12B)
[0611/120800.238:ERROR:process_memory_win.cc(73)] ReadMemory at 0x14aeb18 of 72 bytes failed: Only part of a ReadProcessMemory or WriteProcessMemory request was completed. (0x12B)
[0611/120800.239:ERROR:process_memory_win.cc(73)] ReadMemory at 0x14aeb98 of 72 bytes failed: Only part of a ReadProcessMemory or WriteProcessMemory request was completed. (0x12B)
[0611/120800.239:ERROR:process_memory_win.cc(73)] ReadMemory at 0x14aec18 of 72 bytes failed: Only part of a ReadProcessMemory or WriteProcessMemory request was completed. (0x12B)
[0611/120800.239:ERROR:process_memory_win.cc(73)] ReadMemory at 0x14aec98 of 72 bytes failed: Only part of a ReadProcessMemory or WriteProcessMemory request was completed. (0x12B)
[0611/120800.239:ERROR:process_memory_win.cc(73)] ReadMemory at 0x14aed18 of 72 bytes failed: Only part of a ReadProcessMemory or WriteProcessMemory request was completed. (0x12B)
[0611/120800.239:ERROR:process_memory_win.cc(73)] ReadMemory at 0x14aed98 of 72 bytes failed: Only part of a ReadProcessMemory or WriteProcessMemory request was completed. (0x12B)
[0611/120800.239:ERROR:process_memory_win.cc(73)] ReadMemory at 0x14aee18 of 72 bytes failed: Only part of a ReadProcessMemory or WriteProcessMemory request was completed. (0x12B)
[0611/120800.239:ERROR:process_memory_win.cc(73)] ReadMemory at 0x14aee98 of 72 bytes failed: Only part of a ReadProcessMemory or WriteProcessMemory request was completed. (0x12B)
[0611/120800.239:ERROR:process_memory_win.cc(73)] ReadMemory at 0x14aef18 of 72 bytes failed: Only part of a ReadProcessMemory or WriteProcessMemory request was completed. (0x12B)
[0611/120800.239:ERROR:process_memory_win.cc(73)] ReadMemory at 0x14af018 of 72 bytes failed: Only part of a ReadProcessMemory or WriteProcessMemory request was completed. (0x12B)
[0611/120800.240:ERROR:process_memory_win.cc(73)] ReadMemory at 0x14af118 of 72 bytes failed: Only part of a ReadProcessMemory or WriteProcessMemory request was completed. (0x12B)
[0611/120800.240:ERROR:process_memory_win.cc(73)] ReadMemory at 0x14b2a48 of 146 bytes failed: Only part of a ReadProcessMemory or WriteProcessMemory request was completed. (0x12B)
[0611/120800.240:ERROR:process_memory_win.cc(73)] ReadMemory at 0x14c0b90 of 62 bytes failed: Only part of a ReadProcessMemory or WriteProcessMemory request was completed. (0x12B)
[0611/120800.240:ERROR:process_memory_win.cc(73)] ReadMemory at 0x14c0c20 of 62 bytes failed: Only part of a ReadProcessMemory or WriteProcessMemory request was completed. (0x12B)
[0611/120800.240:ERROR:process_memory_win.cc(73)] ReadMemory at 0x1510c80 of 512 bytes failed: Only part of a ReadProcessMemory or WriteProcessMemory request was completed. (0x12B)
[0611/120800.240:ERROR:process_memory_win.cc(73)] ReadMemory at 0x151be90 of 512 bytes failed: Only part of a ReadProcessMemory or WriteProcessMemory request was completed. (0x12B)
[0611/120800.240:ERROR:process_memory_win.cc(73)] ReadMemory at 0x1521d38 of 512 bytes failed: Only part of a ReadProcessMemory or WriteProcessMemory request was completed. (0x12B)
[0611/120800.240:ERROR:process_memory_win.cc(73)] ReadMemory at 0x10c4ff80 of 512 bytes failed: Only part of a ReadProcessMemory or WriteProcessMemory request was completed. (0x12B)
[0611/120800.241:ERROR:process_memory_win.cc(73)] ReadMemory at 0x165a7554 of 512 bytes failed: Only part of a ReadProcessMemory or WriteProcessMemory request was completed. (0x12B)
[0611/120800.241:ERROR:process_memory_win.cc(73)] ReadMemory at 0x3c4081f0 of 525 bytes failed: Only part of a ReadProcessMemory or WriteProcessMemory request was completed. (0x12B)
[0611/120800.241:ERROR:process_memory_win.cc(73)] ReadMemory at 0x3c408e0c of 512 bytes failed: Only part of a ReadProcessMemory or WriteProcessMemory request was completed. (0x12B)
[0611/120800.241:ERROR:process_memory_win.cc(73)] ReadMemory at 0x7610c52f of 512 bytes failed: Only part of a ReadProcessMemory or WriteProcessMemory request was completed. (0x12B)
[0611/120800.241:ERROR:process_memory_win.cc(73)] ReadMemory at 0x76f6f881 of 648 bytes failed: Only part of a ReadProcessMemory or WriteProcessMemory request was completed. (0x12B)
[0611/120800.241:ERROR:process_memory_win.cc(73)] ReadMemory at 0x76f6fd41 of 512 bytes failed: Only part of a ReadProcessMemory or WriteProcessMemory request was completed. (0x12B)
[0611/120800.241:ERROR:process_memory_win.cc(73)] ReadMemory at 0x76f7010d of 512 bytes failed: Only part of a ReadProcessMemory or WriteProcessMemory request was completed. (0x12B)
[0611/120800.241:ERROR:process_memory_win.cc(73)] ReadMemory at 0x76f71edd of 537 bytes failed: Only part of a ReadProcessMemory or WriteProcessMemory request was completed. (0x12B)
[0611/120800.241:ERROR:process_memory_win.cc(73)] ReadMemory at 0x76f94a00 of 18 bytes failed: Only part of a ReadProcessMemory or WriteProcessMemory request was completed. (0x12B)
[0611/120800.242:ERROR:process_memory_win.cc(73)] ReadMemory at 0x76f9fdc4 of 607 bytes failed: Only part of a ReadProcessMemory or WriteProcessMemory request was completed. (0x12B)
[0611/120800.242:ERROR:process_memory_win.cc(73)] ReadMemory at 0x77050200 of 36 bytes failed: Only part of a ReadProcessMemory or WriteProcessMemory request was completed. (0x12B)
[0611/120800.242:ERROR:process_memory_win.cc(73)] ReadMemory at 0x770520c0 of 24 bytes failed: Only part of a ReadProcessMemory or WriteProcessMemory request was completed. (0x12B)
[0611/120800.242:ERROR:process_memory_win.cc(73)] ReadMemory at 0x77054380 of 32 bytes failed: Only part of a ReadProcessMemory or WriteProcessMemory request was completed. (0x12B)
[0611/120800.242:ERROR:process_memory_win.cc(73)] ReadMemory at 0xfff85000 of 3992 bytes failed: Only part of a ReadProcessMemory or WriteProcessMemory request was completed. (0x12B)
[0611/120800.242:ERROR:process_memory_win.cc(73)] ReadMemory at 0xfff88000 of 3992 bytes failed: Only part of a ReadProcessMemory or WriteProcessMemory request was completed. (0x12B)
[0611/120800.242:ERROR:process_memory_win.cc(73)] ReadMemory at 0xfff8b000 of 3992 bytes failed: Only part of a ReadProcessMemory or WriteProcessMemory request was completed. (0x12B)
[0611/120800.242:ERROR:process_memory_win.cc(73)] ReadMemory at 0xfff8e000 of 3992 bytes failed: Only part of a ReadProcessMemory or WriteProcessMemory request was completed. (0x12B)
[0611/120800.242:ERROR:process_memory_win.cc(73)] ReadMemory at 0xfff91000 of 3992 bytes failed: Only part of a ReadProcessMemory or WriteProcessMemory request was completed. (0x12B)
[0611/120800.243:ERROR:process_memory_win.cc(73)] ReadMemory at 0xfff94000 of 3992 bytes failed: Only part of a ReadProcessMemory or WriteProcessMemory request was completed. (0x12B)
[0611/120800.243:ERROR:process_memory_win.cc(73)] ReadMemory at 0xfff97000 of 3992 bytes failed: Only part of a ReadProcessMemory or WriteProcessMemory request was completed. (0x12B)
[0611/120800.243:ERROR:process_memory_win.cc(73)] ReadMemory at 0xfff9a000 of 3992 bytes failed: Only part of a ReadProcessMemory or WriteProcessMemory request was completed. (0x12B)
[0611/120800.243:ERROR:process_memory_win.cc(73)] ReadMemory at 0xfff9d000 of 3992 bytes failed: Only part of a ReadProcessMemory or WriteProcessMemory request was completed. (0x12B)
[0611/120800.243:ERROR:process_memory_win.cc(73)] ReadMemory at 0xfffa0000 of 3992 bytes failed: Only part of a ReadProcessMemory or WriteProcessMemory request was completed. (0x12B)
[0611/120800.243:ERROR:process_memory_win.cc(73)] ReadMemory at 0xfffa3000 of 3992 bytes failed: Only part of a ReadProcessMemory or WriteProcessMemory request was completed. (0x12B)
[0611/120800.243:ERROR:process_memory_win.cc(73)] ReadMemory at 0xfffa6000 of 3992 bytes failed: Only part of a ReadProcessMemory or WriteProcessMemory request was completed. (0x12B)
[0611/120800.244:ERROR:process_memory_win.cc(73)] ReadMemory at 0xfffa9000 of 3992 bytes failed: Only part of a ReadProcessMemory or WriteProcessMemory request was completed. (0x12B)
[0611/120800.244:ERROR:process_memory_win.cc(73)] ReadMemory at 0xfffac000 of 3992 bytes failed: Only part of a ReadProcessMemory or WriteProcessMemory request was completed. (0x12B)
[0611/120800.244:ERROR:process_memory_win.cc(73)] ReadMemory at 0xfffaf000 of 3992 bytes failed: Only part of a ReadProcessMemory or WriteProcessMemory request was completed. (0x12B)
[0611/120800.244:ERROR:process_memory_win.cc(73)] ReadMemory at 0xfffd7000 of 3992 bytes failed: Only part of a ReadProcessMemory or WriteProcessMemory request was completed. (0x12B)
[0611/120800.244:ERROR:process_memory_win.cc(73)] ReadMemory at 0xfffda000 of 3992 bytes failed: Only part of a ReadProcessMemory or WriteProcessMemory request was completed. (0x12B)
[0611/120800.244:ERROR:process_memory_win.cc(73)] ReadMemory at 0xfffdd000 of 3992 bytes failed: Only part of a ReadProcessMemory or WriteProcessMemory request was completed. (0x12B)
[0611/120800.244:ERROR:process_memory_win.cc(73)] ReadMemory at 0xfffde000 of 560 bytes failed: Only part of a ReadProcessMemory or WriteProcessMemory request was completed. (0x12B)
[0611/120800.249:ERROR:file_io_win.cc(162)] CreateFile C:\Users\C113329\AppData\Local\Temp\scoped_dir6372_18239828\Crashpad\settings.dat: The system cannot find the file specified. (0x2)
[0611/120800.252:ERROR:scoped_process_suspend.cc(40)] NtResumeProcess: An attempt was made to access an exiting process. (0xc000010a)
[0804/123043.416:ERROR:process_reader_win.cc(108)] process 15880 not found
[0804/123043.417:ERROR:exception_snapshot_win.cc(99)] thread ID 16372 not found in process
[0804/123043.417:ERROR:scoped_process_suspend.cc(40)] NtResumeProcess: An attempt was made to access an exiting process. (0xc000010a)
[0806/141541.101:ERROR:directory_reader_win.cc(43)] FindFirstFile: The system cannot find the path specified. (0x3)
